app/build/intermediates/manifest_merge_blame_file/debug/manifest-merger-blame-debug-report.txt
1<?xml version="1.0" encoding="utf-8"?>
2<manifest xmlns:android="http://schemas.android.com/apk/res/android"
3    package="com.example.stepapp"
4    android:versionCode="1"
5    android:versionName="1.0" >
6
7    <uses-sdk
8        android:minSdkVersion="26"
8-->src/main/AndroidManifest.xml
9        android:targetSdkVersion="29" />
9-->src/main/AndroidManifest.xml
10
11    <!-- Required for 28 and below. -->
12    <uses-permission android:name="android.permission.ACCESS_COARSE_LOCATION" />
12-->src/main/AndroidManifest.xml:6:5-81
12-->src/main/AndroidManifest.xml:6:22-78
13    <uses-permission android:name="com.google.android.gms.permission.ACTIVITY_RECOGNITION" />
13-->src/main/AndroidManifest.xml:7:5-94
13-->src/main/AndroidManifest.xml:7:22-91
14    <!-- Required for 29+. -->
15    <uses-permission android:name="android.permission.ACTIVITY_RECOGNITION" />
15-->src/main/AndroidManifest.xml:9:5-79
15-->src/main/AndroidManifest.xml:9:22-76
16    <uses-permission android:name="android.permission.WRITE_EXTERNAL_STORAGE" />
16-->src/main/AndroidManifest.xml:10:5-81
16-->src/main/AndroidManifest.xml:10:22-78
17    <uses-permission android:name="android.permission.READ_EXTERNAL_STORAGE" />
17-->src/main/AndroidManifest.xml:11:5-80
17-->src/main/AndroidManifest.xml:11:22-77
18    <uses-permission android:name="android.permission.MANAGE_GNSS_DRIVERS" />
18-->src/main/AndroidManifest.xml:12:5-78
18-->src/main/AndroidManifest.xml:12:22-75
19    <uses-permission android:name="android.permission.INTERNET" />
19-->src/main/AndroidManifest.xml:13:5-67
19-->src/main/AndroidManifest.xml:13:22-64
20    <uses-permission android:name="android.permission.ACCESS_NETWORK_STATE" />
20-->src/main/AndroidManifest.xml:14:5-79
20-->src/main/AndroidManifest.xml:14:22-76
21    <uses-permission android:name="android.permission.WAKE_LOCK" />
21-->[androidx.work:work-runtime:2.4.0] AndroidManifest.xml:25:5-68
21-->[androidx.work:work-runtime:2.4.0] AndroidManifest.xml:25:22-65
22    <uses-permission android:name="android.permission.RECEIVE_BOOT_COMPLETED" />
22-->[androidx.work:work-runtime:2.4.0] AndroidManifest.xml:27:5-81
22-->[androidx.work:work-runtime:2.4.0] AndroidManifest.xml:27:22-78
23    <uses-permission android:name="android.permission.FOREGROUND_SERVICE" />
23-->[androidx.work:work-runtime:2.4.0] AndroidManifest.xml:28:5-77
23-->[androidx.work:work-runtime:2.4.0] AndroidManifest.xml:28:22-74
24
25    <application
25-->src/main/AndroidManifest.xml:17:5-34:19
26        android:allowBackup="true"
26-->src/main/AndroidManifest.xml:18:9-35
27        android:appComponentFactory="androidx.core.app.CoreComponentFactory"
27-->[androidx.core:core:1.3.1] AndroidManifest.xml:24:18-86
28        android:debuggable="true"
29        android:extractNativeLibs="false"
30        android:icon="@drawable/app_icon"
30-->src/main/AndroidManifest.xml:19:9-42
31        android:label="@string/app_name"
31-->src/main/AndroidManifest.xml:20:9-41
32        android:roundIcon="@drawable/app_icon"
32-->src/main/AndroidManifest.xml:21:9-47
33        android:supportsRtl="true"
33-->src/main/AndroidManifest.xml:22:9-35
34        android:testOnly="true"
35        android:theme="@style/AppTheme" >
35-->src/main/AndroidManifest.xml:23:9-40
36        <activity
36-->src/main/AndroidManifest.xml:24:9-33:20
37            android:name="com.example.stepapp.MainActivity"
37-->src/main/AndroidManifest.xml:25:13-41
38            android:label="@string/app_name"
38-->src/main/AndroidManifest.xml:26:13-45
39            android:theme="@style/AppTheme.NoActionBar" >
39-->src/main/AndroidManifest.xml:27:13-56
40            <intent-filter>
40-->src/main/AndroidManifest.xml:28:13-32:29
41                <action android:name="android.intent.action.MAIN" />
41-->src/main/AndroidManifest.xml:29:17-69
41-->src/main/AndroidManifest.xml:29:25-66
42
43                <category android:name="android.intent.category.LAUNCHER" />
43-->src/main/AndroidManifest.xml:31:17-77
43-->src/main/AndroidManifest.xml:31:27-74
44            </intent-filter>
45        </activity>
46
47        <provider
47-->[androidx.work:work-runtime:2.4.0] AndroidManifest.xml:31:9-37:35
48            android:name="androidx.work.impl.WorkManagerInitializer"
48-->[androidx.work:work-runtime:2.4.0] AndroidManifest.xml:32:13-69
49            android:authorities="com.example.stepapp.workmanager-init"
49-->[androidx.work:work-runtime:2.4.0] AndroidManifest.xml:33:13-68
50            android:directBootAware="false"
50-->[androidx.work:work-runtime:2.4.0] AndroidManifest.xml:34:13-44
51            android:exported="false"
51-->[androidx.work:work-runtime:2.4.0] AndroidManifest.xml:35:13-37
52            android:multiprocess="true" />
52-->[androidx.work:work-runtime:2.4.0] AndroidManifest.xml:36:13-40
53
54        <service
54-->[androidx.work:work-runtime:2.4.0] AndroidManifest.xml:39:9-44:35
55            android:name="androidx.work.impl.background.systemalarm.SystemAlarmService"
55-->[androidx.work:work-runtime:2.4.0] AndroidManifest.xml:40:13-88
56            android:directBootAware="false"
56-->[androidx.work:work-runtime:2.4.0] AndroidManifest.xml:41:13-44
57            android:enabled="@bool/enable_system_alarm_service_default"
57-->[androidx.work:work-runtime:2.4.0] AndroidManifest.xml:42:13-72
58            android:exported="false" />
58-->[androidx.work:work-runtime:2.4.0] AndroidManifest.xml:43:13-37
59        <service
59-->[androidx.work:work-runtime:2.4.0] AndroidManifest.xml:45:9-51:35
60            android:name="androidx.work.impl.background.systemjob.SystemJobService"
60-->[androidx.work:work-runtime:2.4.0] AndroidManifest.xml:46:13-84
61            android:directBootAware="false"
61-->[androidx.work:work-runtime:2.4.0] AndroidManifest.xml:47:13-44
62            android:enabled="@bool/enable_system_job_service_default"
62-->[androidx.work:work-runtime:2.4.0] AndroidManifest.xml:48:13-70
63            android:exported="true"
63-->[androidx.work:work-runtime:2.4.0] AndroidManifest.xml:49:13-36
64            android:permission="android.permission.BIND_JOB_SERVICE" />
64-->[androidx.work:work-runtime:2.4.0] AndroidManifest.xml:50:13-69
65        <service
65-->[androidx.work:work-runtime:2.4.0] AndroidManifest.xml:52:9-57:35
66            android:name="androidx.work.impl.foreground.SystemForegroundService"
66-->[androidx.work:work-runtime:2.4.0] AndroidManifest.xml:53:13-81
67            android:directBootAware="false"
67-->[androidx.work:work-runtime:2.4.0] AndroidManifest.xml:54:13-44
68            android:enabled="@bool/enable_system_foreground_service_default"
68-->[androidx.work:work-runtime:2.4.0] AndroidManifest.xml:55:13-77
69            android:exported="false" />
69-->[androidx.work:work-runtime:2.4.0] AndroidManifest.xml:56:13-37
70
71        <receiver
71-->[androidx.work:work-runtime:2.4.0] AndroidManifest.xml:59:9-64:35
72            android:name="androidx.work.impl.utils.ForceStopRunnable$BroadcastReceiver"
72-->[androidx.work:work-runtime:2.4.0] AndroidManifest.xml:60:13-88
73            android:directBootAware="false"
73-->[androidx.work:work-runtime:2.4.0] AndroidManifest.xml:61:13-44
74            android:enabled="true"
74-->[androidx.work:work-runtime:2.4.0] AndroidManifest.xml:62:13-35
75            android:exported="false" />
75-->[androidx.work:work-runtime:2.4.0] AndroidManifest.xml:63:13-37
76        <receiver
76-->[androidx.work:work-runtime:2.4.0] AndroidManifest.xml:65:9-75:20
77            android:name="androidx.work.impl.background.systemalarm.ConstraintProxy$BatteryChargingProxy"
77-->[androidx.work:work-runtime:2.4.0] AndroidManifest.xml:66:13-106
78            android:directBootAware="false"
78-->[androidx.work:work-runtime:2.4.0] AndroidManifest.xml:67:13-44
79            android:enabled="false"
79-->[androidx.work:work-runtime:2.4.0] AndroidManifest.xml:68:13-36
80            android:exported="false" >
80-->[androidx.work:work-runtime:2.4.0] AndroidManifest.xml:69:13-37
81            <intent-filter>
81-->[androidx.work:work-runtime:2.4.0] AndroidManifest.xml:71:13-74:29
82                <action android:name="android.intent.action.ACTION_POWER_CONNECTED" />
82-->[androidx.work:work-runtime:2.4.0] AndroidManifest.xml:72:17-87
82-->[androidx.work:work-runtime:2.4.0] AndroidManifest.xml:72:25-84
83                <action android:name="android.intent.action.ACTION_POWER_DISCONNECTED" />
83-->[androidx.work:work-runtime:2.4.0] AndroidManifest.xml:73:17-90
83-->[androidx.work:work-runtime:2.4.0] AndroidManifest.xml:73:25-87
84            </intent-filter>
85        </receiver>
86        <receiver
86-->[androidx.work:work-runtime:2.4.0] AndroidManifest.xml:76:9-86:20
87            android:name="androidx.work.impl.background.systemalarm.ConstraintProxy$BatteryNotLowProxy"
87-->[androidx.work:work-runtime:2.4.0] AndroidManifest.xml:77:13-104
88            android:directBootAware="false"
88-->[androidx.work:work-runtime:2.4.0] AndroidManifest.xml:78:13-44
89            android:enabled="false"
89-->[androidx.work:work-runtime:2.4.0] AndroidManifest.xml:79:13-36
90            android:exported="false" >
90-->[androidx.work:work-runtime:2.4.0] AndroidManifest.xml:80:13-37
91            <intent-filter>
91-->[androidx.work:work-runtime:2.4.0] AndroidManifest.xml:82:13-85:29
92                <action android:name="android.intent.action.BATTERY_OKAY" />
92-->[androidx.work:work-runtime:2.4.0] AndroidManifest.xml:83:17-77
92-->[androidx.work:work-runtime:2.4.0] AndroidManifest.xml:83:25-74
93                <action android:name="android.intent.action.BATTERY_LOW" />
93-->[androidx.work:work-runtime:2.4.0] AndroidManifest.xml:84:17-76
93-->[androidx.work:work-runtime:2.4.0] AndroidManifest.xml:84:25-73
94            </intent-filter>
95        </receiver>
96        <receiver
96-->[androidx.work:work-runtime:2.4.0] AndroidManifest.xml:87:9-97:20
97            android:name="androidx.work.impl.background.systemalarm.ConstraintProxy$StorageNotLowProxy"
97-->[androidx.work:work-runtime:2.4.0] AndroidManifest.xml:88:13-104
98            android:directBootAware="false"
98-->[androidx.work:work-runtime:2.4.0] AndroidManifest.xml:89:13-44
99            android:enabled="false"
99-->[androidx.work:work-runtime:2.4.0] AndroidManifest.xml:90:13-36
100            android:exported="false" >
100-->[androidx.work:work-runtime:2.4.0] AndroidManifest.xml:91:13-37
101            <intent-filter>
101-->[androidx.work:work-runtime:2.4.0] AndroidManifest.xml:93:13-96:29
102                <action android:name="android.intent.action.DEVICE_STORAGE_LOW" />
102-->[androidx.work:work-runtime:2.4.0] AndroidManifest.xml:94:17-83
102-->[androidx.work:work-runtime:2.4.0] AndroidManifest.xml:94:25-80
103                <action android:name="android.intent.action.DEVICE_STORAGE_OK" />
103-->[androidx.work:work-runtime:2.4.0] AndroidManifest.xml:95:17-82
103-->[androidx.work:work-runtime:2.4.0] AndroidManifest.xml:95:25-79
104            </intent-filter>
105        </receiver>
106        <receiver
106-->[androidx.work:work-runtime:2.4.0] AndroidManifest.xml:98:9-107:20
107            android:name="androidx.work.impl.background.systemalarm.ConstraintProxy$NetworkStateProxy"
107-->[androidx.work:work-runtime:2.4.0] AndroidManifest.xml:99:13-103
108            android:directBootAware="false"
108-->[androidx.work:work-runtime:2.4.0] AndroidManifest.xml:100:13-44
109            android:enabled="false"
109-->[androidx.work:work-runtime:2.4.0] AndroidManifest.xml:101:13-36
110            android:exported="false" >
110-->[androidx.work:work-runtime:2.4.0] AndroidManifest.xml:102:13-37
111            <intent-filter>
111-->[androidx.work:work-runtime:2.4.0] AndroidManifest.xml:104:13-106:29
112                <action android:name="android.net.conn.CONNECTIVITY_CHANGE" />
112-->[androidx.work:work-runtime:2.4.0] AndroidManifest.xml:105:17-79
112-->[androidx.work:work-runtime:2.4.0] AndroidManifest.xml:105:25-76
113            </intent-filter>
114        </receiver>
115        <receiver
115-->[androidx.work:work-runtime:2.4.0] AndroidManifest.xml:108:9-119:20
116            android:name="androidx.work.impl.background.systemalarm.RescheduleReceiver"
116-->[androidx.work:work-runtime:2.4.0] AndroidManifest.xml:109:13-88
117            android:directBootAware="false"
117-->[androidx.work:work-runtime:2.4.0] AndroidManifest.xml:110:13-44
118            android:enabled="false"
118-->[androidx.work:work-runtime:2.4.0] AndroidManifest.xml:111:13-36
119            android:exported="false" >
119-->[androidx.work:work-runtime:2.4.0] AndroidManifest.xml:112:13-37
120            <intent-filter>
120-->[androidx.work:work-runtime:2.4.0] AndroidManifest.xml:114:13-118:29
121                <action android:name="android.intent.action.BOOT_COMPLETED" />
121-->[androidx.work:work-runtime:2.4.0] AndroidManifest.xml:115:17-79
121-->[androidx.work:work-runtime:2.4.0] AndroidManifest.xml:115:25-76
122                <action android:name="android.intent.action.TIME_SET" />
122-->[androidx.work:work-runtime:2.4.0] AndroidManifest.xml:116:17-73
122-->[androidx.work:work-runtime:2.4.0] AndroidManifest.xml:116:25-70
123                <action android:name="android.intent.action.TIMEZONE_CHANGED" />
123-->[androidx.work:work-runtime:2.4.0] AndroidManifest.xml:117:17-81
123-->[androidx.work:work-runtime:2.4.0] AndroidManifest.xml:117:25-78
124            </intent-filter>
125        </receiver>
126        <receiver
126-->[androidx.work:work-runtime:2.4.0] AndroidManifest.xml:120:9-129:20
127            android:name="androidx.work.impl.background.systemalarm.ConstraintProxyUpdateReceiver"
127-->[androidx.work:work-runtime:2.4.0] AndroidManifest.xml:121:13-99
128            android:directBootAware="false"
128-->[androidx.work:work-runtime:2.4.0] AndroidManifest.xml:122:13-44
129            android:enabled="@bool/enable_system_alarm_service_default"
129-->[androidx.work:work-runtime:2.4.0] AndroidManifest.xml:123:13-72
130            android:exported="false" >
130-->[androidx.work:work-runtime:2.4.0] AndroidManifest.xml:124:13-37
131            <intent-filter>
131-->[androidx.work:work-runtime:2.4.0] AndroidManifest.xml:126:13-128:29
132                <action android:name="androidx.work.impl.background.systemalarm.UpdateProxies" />
132-->[androidx.work:work-runtime:2.4.0] AndroidManifest.xml:127:17-98
132-->[androidx.work:work-runtime:2.4.0] AndroidManifest.xml:127:25-95
133            </intent-filter>
134        </receiver>
135        <receiver
135-->[androidx.work:work-runtime:2.4.0] AndroidManifest.xml:130:9-140:20
136            android:name="androidx.work.impl.diagnostics.DiagnosticsReceiver"
136-->[androidx.work:work-runtime:2.4.0] AndroidManifest.xml:131:13-78
137            android:directBootAware="false"
137-->[androidx.work:work-runtime:2.4.0] AndroidManifest.xml:132:13-44
138            android:enabled="true"
138-->[androidx.work:work-runtime:2.4.0] AndroidManifest.xml:133:13-35
139            android:exported="true"
139-->[androidx.work:work-runtime:2.4.0] AndroidManifest.xml:134:13-36
140            android:permission="android.permission.DUMP" >
140-->[androidx.work:work-runtime:2.4.0] AndroidManifest.xml:135:13-57
141            <intent-filter>
141-->[androidx.work:work-runtime:2.4.0] AndroidManifest.xml:137:13-139:29
142                <action android:name="androidx.work.diagnostics.REQUEST_DIAGNOSTICS" />
142-->[androidx.work:work-runtime:2.4.0] AndroidManifest.xml:138:17-88
142-->[androidx.work:work-runtime:2.4.0] AndroidManifest.xml:138:25-85
143            </intent-filter>
144        </receiver>
145
146        <activity
146-->[com.google.android.gms:play-services-base:17.0.0] AndroidManifest.xml:23:9-26:75
147            android:name="com.google.android.gms.common.api.GoogleApiActivity"
147-->[com.google.android.gms:play-services-base:17.0.0] AndroidManifest.xml:24:13-79
148            android:exported="false"
148-->[com.google.android.gms:play-services-base:17.0.0] AndroidManifest.xml:25:13-37
149            android:theme="@android:style/Theme.Translucent.NoTitleBar" />
149-->[com.google.android.gms:play-services-base:17.0.0] AndroidManifest.xml:26:13-72
150
151        <meta-data
151-->[com.google.android.gms:play-services-basement:17.0.0] AndroidManifest.xml:23:9-25:69
152            android:name="com.google.android.gms.version"
152-->[com.google.android.gms:play-services-basement:17.0.0] AndroidManifest.xml:24:13-58
153            android:value="@integer/google_play_services_version" />
153-->[com.google.android.gms:play-services-basement:17.0.0] AndroidManifest.xml:25:13-66
154
155        <provider
155-->[androidx.lifecycle:lifecycle-process:2.2.0] AndroidManifest.xml:25:9-29:43
156            android:name="androidx.lifecycle.ProcessLifecycleOwnerInitializer"
156-->[androidx.lifecycle:lifecycle-process:2.2.0] AndroidManifest.xml:26:13-79
157            android:authorities="com.example.stepapp.lifecycle-process"
157-->[androidx.lifecycle:lifecycle-process:2.2.0] AndroidManifest.xml:27:13-69
158            android:exported="false"
158-->[androidx.lifecycle:lifecycle-process:2.2.0] AndroidManifest.xml:28:13-37
159            android:multiprocess="true" />
159-->[androidx.lifecycle:lifecycle-process:2.2.0] AndroidManifest.xml:29:13-40
160
161        <service
161-->[androidx.room:room-runtime:2.2.5] AndroidManifest.xml:25:9-28:40
162            android:name="androidx.room.MultiInstanceInvalidationService"
162-->[androidx.room:room-runtime:2.2.5] AndroidManifest.xml:26:13-74
163            android:directBootAware="true"
163-->[androidx.room:room-runtime:2.2.5] AndroidManifest.xml:27:13-43
164            android:exported="false" />
164-->[androidx.room:room-runtime:2.2.5] AndroidManifest.xml:28:13-37
165    </application>
166
167</manifest>